This is pdfTeX, Version 3.1415926-2.4-1.40.13 (MiKTeX 2.9) (preloaded format=pdflatex 2013.6.7)  7 OCT 2013 12:04
entering extended mode
**thesis.tex

("C:\Documents and Settings\Administrator\My Documents\GitHub\pasantia\thesis.t
ex"
LaTeX2e <2011/06/27>
Babel <v3.8m> and hyphenation patterns for english, afrikaans, ancientgreek, ar
abic, armenian, assamese, basque, bengali, bokmal, bulgarian, catalan, coptic, 
croatian, czech, danish, dutch, esperanto, estonian, farsi, finnish, french, ga
lician, german, german-x-2012-05-30, greek, gujarati, hindi, hungarian, iceland
ic, indonesian, interlingua, irish, italian, kannada, kurmanji, latin, latvian,
 lithuanian, malayalam, marathi, mongolian, mongolianlmc, monogreek, ngerman, n
german-x-2012-05-30, nynorsk, oriya, panjabi, pinyin, polish, portuguese, roman
ian, russian, sanskrit, serbian, slovak, slovenian, spanish, swedish, swissgerm
an, tamil, telugu, turkish, turkmen, ukenglish, ukrainian, uppersorbian, usengl
ishmax, welsh, loaded.
("C:\Program Files\MiKTeX 2.9\tex\latex\base\report.cls"
Document Class: report 2007/10/19 v1.4h Standard LaTeX document class
("C:\Program Files\MiKTeX 2.9\tex\latex\base\size12.clo"
File: size12.clo 2007/10/19 v1.4h Standard LaTeX file (size option)
)
\c@part=\count79
\c@chapter=\count80
\c@section=\count81
\c@subsection=\count82
\c@subsubsection=\count83
\c@paragraph=\count84
\c@subparagraph=\count85
\c@figure=\count86
\c@table=\count87
\abovecaptionskip=\skip41
\belowcaptionskip=\skip42
\bibindent=\dimen102
)
("C:\Program Files\MiKTeX 2.9\tex\latex\epsf\epsf.sty"
This is `epsf.tex' v2.7.4 <14 February 2011>
\epsffilein=\read1
\epsfframemargin=\dimen103
\epsfframethickness=\dimen104
\epsfrsize=\dimen105
\epsftmp=\dimen106
\epsftsize=\dimen107
\epsfxsize=\dimen108
\epsfysize=\dimen109
\pspoints=\dimen110
) ("C:\Program Files\MiKTeX 2.9\tex\latex\float\float.sty"
Package: float 2001/11/08 v1.3d Float enhancements (AL)
\c@float@type=\count88
\float@exts=\toks14
\float@box=\box26
\@float@everytoks=\toks15
\@floatcapt=\box27
)
("C:\Program Files\MiKTeX 2.9\tex\latex\graphics\graphicx.sty"
Package: graphicx 1999/02/16 v1.0f Enhanced LaTeX Graphics (DPC,SPQR)

("C:\Program Files\MiKTeX 2.9\tex\latex\graphics\keyval.sty"
Package: keyval 1999/03/16 v1.13 key=value parser (DPC)
\KV@toks@=\toks16
)
("C:\Program Files\MiKTeX 2.9\tex\latex\graphics\graphics.sty"
Package: graphics 2009/02/05 v1.0o Standard LaTeX Graphics (DPC,SPQR)

("C:\Program Files\MiKTeX 2.9\tex\latex\graphics\trig.sty"
Package: trig 1999/03/16 v1.09 sin cos tan (DPC)
)
("C:\Program Files\MiKTeX 2.9\tex\latex\00miktex\graphics.cfg"
File: graphics.cfg 2007/01/18 v1.5 graphics configuration of teTeX/TeXLive
)
Package graphics Info: Driver file: pdftex.def on input line 91.

("C:\Program Files\MiKTeX 2.9\tex\latex\pdftex-def\pdftex.def"
File: pdftex.def 2011/05/27 v0.06d Graphics/color for pdfTeX

("C:\Program Files\MiKTeX 2.9\tex\generic\oberdiek\infwarerr.sty"
Package: infwarerr 2010/04/08 v1.3 Providing info/warning/error messages (HO)
)
("C:\Program Files\MiKTeX 2.9\tex\generic\oberdiek\ltxcmds.sty"
Package: ltxcmds 2011/11/09 v1.22 LaTeX kernel commands for general use (HO)
)
\Gread@gobject=\count89
))
\Gin@req@height=\dimen111
\Gin@req@width=\dimen112
)
("C:\Program Files\MiKTeX 2.9\tex\latex\graphics\epsfig.sty"
Package: epsfig 1999/02/16 v1.7a (e)psfig emulation (SPQR)
\epsfxsize=\dimen113
\epsfysize=\dimen114
)
("C:\Program Files\MiKTeX 2.9\tex\latex\base\latexsym.sty"
Package: latexsym 1998/08/17 v2.2e Standard LaTeX package (lasy symbols)
\symlasy=\mathgroup4
LaTeX Font Info:    Overwriting symbol font `lasy' in version `bold'
(Font)                  U/lasy/m/n --> U/lasy/b/n on input line 47.
)
("C:\Program Files\MiKTeX 2.9\tex\latex\amsfonts\amssymb.sty"
Package: amssymb 2013/01/14 v3.01 AMS font symbols

("C:\Program Files\MiKTeX 2.9\tex\latex\amsfonts\amsfonts.sty"
Package: amsfonts 2013/01/14 v3.01 Basic AMSFonts support
\@emptytoks=\toks17
\symAMSa=\mathgroup5
\symAMSb=\mathgroup6
LaTeX Font Info:    Overwriting math alphabet `\mathfrak' in version `bold'
(Font)                  U/euf/m/n --> U/euf/b/n on input line 106.
))
("C:\Program Files\MiKTeX 2.9\tex\latex\setspace\setspace.sty"
Package: setspace 2011/12/19 v6.7a set line spacing
)
("C:\Program Files\MiKTeX 2.9\tex\latex\cite\cite.sty"
LaTeX Info: Redefining \cite on input line 302.
LaTeX Info: Redefining \nocite on input line 373.
Package: cite 2010/09/10  v 5.3
)
("C:\Program Files\MiKTeX 2.9\tex\latex\wrapfig\wrapfig.sty"
\wrapoverhang=\dimen115
\WF@size=\dimen116
\c@WF@wrappedlines=\count90
\WF@box=\box28
\WF@everypar=\toks18
Package: wrapfig 2003/01/31  v 3.6
)
("C:\Program Files\MiKTeX 2.9\tex\latex\base\alltt.sty"
Package: alltt 1997/06/16 v2.0g defines alltt environment
)
("C:\Program Files\MiKTeX 2.9\tex\generic\babel\babel.sty"
Package: babel 2008/07/08 v3.8m The Babel package

*************************************
* Local config file bblopts.cfg used
*
("C:\Program Files\MiKTeX 2.9\tex\latex\00miktex\bblopts.cfg"
File: bblopts.cfg 2006/07/31 v1.0 MiKTeX 'babel' configuration
)
("C:\Program Files\MiKTeX 2.9\tex\generic\babel\spanish.ldf"
Language: spanish.ldf 2009/01/02 v5.0h Spanish support from the babel system

("C:\Program Files\MiKTeX 2.9\tex\generic\babel\babel.def"
File: babel.def 2008/07/08 v3.8m Babel common definitions
\babel@savecnt=\count91
\U@D=\dimen117
)
\es@datefmt=\count92
\es@quottoks=\toks19
\es@quotdepth=\count93
Package babel Info: Making " an active character on input line 492.
Package babel Info: Making . an active character on input line 585.
Package babel Info: Making < an active character on input line 630.
Package babel Info: Making > an active character on input line 630.
Package babel Info: Making ' an active character on input line 657.
))
("C:\Program Files\MiKTeX 2.9\tex\latex\beamer\base\translator\translator.sty"
Package: translator 2010/06/12 ver 1.10

("C:\Program Files\MiKTeX 2.9\tex\latex\beamer\base\translator\translator-langu
age-mappings.tex")) ("C:\Program Files\MiKTeX 2.9\tex\latex\base\inputenc.sty"
Package: inputenc 2008/03/30 v1.1d Input encoding file
\inpenc@prehook=\toks20
\inpenc@posthook=\toks21

("C:\Program Files\MiKTeX 2.9\tex\latex\base\utf8.def"
File: utf8.def 2008/04/05 v1.1m UTF-8 support for inputenc
Now handling font encoding OML ...
... no UTF-8 mapping file for font encoding OML
Now handling font encoding T1 ...
... processing UTF-8 mapping file for font encoding T1

("C:\Program Files\MiKTeX 2.9\tex\latex\base\t1enc.dfu"
File: t1enc.dfu 2008/04/05 v1.1m UTF-8 support for inputenc
   defining Unicode char U+00A1 (decimal 161)
   defining Unicode char U+00A3 (decimal 163)
   defining Unicode char U+00AB (decimal 171)
   defining Unicode char U+00BB (decimal 187)
   defining Unicode char U+00BF (decimal 191)
   defining Unicode char U+00C0 (decimal 192)
   defining Unicode char U+00C1 (decimal 193)
   defining Unicode char U+00C2 (decimal 194)
   defining Unicode char U+00C3 (decimal 195)
   defining Unicode char U+00C4 (decimal 196)
   defining Unicode char U+00C5 (decimal 197)
   defining Unicode char U+00C6 (decimal 198)
   defining Unicode char U+00C7 (decimal 199)
   defining Unicode char U+00C8 (decimal 200)
   defining Unicode char U+00C9 (decimal 201)
   defining Unicode char U+00CA (decimal 202)
   defining Unicode char U+00CB (decimal 203)
   defining Unicode char U+00CC (decimal 204)
   defining Unicode char U+00CD (decimal 205)
   defining Unicode char U+00CE (decimal 206)
   defining Unicode char U+00CF (decimal 207)
   defining Unicode char U+00D0 (decimal 208)
   defining Unicode char U+00D1 (decimal 209)
   defining Unicode char U+00D2 (decimal 210)
   defining Unicode char U+00D3 (decimal 211)
   defining Unicode char U+00D4 (decimal 212)
   defining Unicode char U+00D5 (decimal 213)
   defining Unicode char U+00D6 (decimal 214)
   defining Unicode char U+00D8 (decimal 216)
   defining Unicode char U+00D9 (decimal 217)
   defining Unicode char U+00DA (decimal 218)
   defining Unicode char U+00DB (decimal 219)
   defining Unicode char U+00DC (decimal 220)
   defining Unicode char U+00DD (decimal 221)
   defining Unicode char U+00DE (decimal 222)
   defining Unicode char U+00DF (decimal 223)
   defining Unicode char U+00E0 (decimal 224)
   defining Unicode char U+00E1 (decimal 225)
   defining Unicode char U+00E2 (decimal 226)
   defining Unicode char U+00E3 (decimal 227)
   defining Unicode char U+00E4 (decimal 228)
   defining Unicode char U+00E5 (decimal 229)
   defining Unicode char U+00E6 (decimal 230)
   defining Unicode char U+00E7 (decimal 231)
   defining Unicode char U+00E8 (decimal 232)
   defining Unicode char U+00E9 (decimal 233)
   defining Unicode char U+00EA (decimal 234)
   defining Unicode char U+00EB (decimal 235)
   defining Unicode char U+00EC (decimal 236)
   defining Unicode char U+00ED (decimal 237)
   defining Unicode char U+00EE (decimal 238)
   defining Unicode char U+00EF (decimal 239)
   defining Unicode char U+00F0 (decimal 240)
   defining Unicode char U+00F1 (decimal 241)
   defining Unicode char U+00F2 (decimal 242)
   defining Unicode char U+00F3 (decimal 243)
   defining Unicode char U+00F4 (decimal 244)
   defining Unicode char U+00F5 (decimal 245)
   defining Unicode char U+00F6 (decimal 246)
   defining Unicode char U+00F8 (decimal 248)
   defining Unicode char U+00F9 (decimal 249)
   defining Unicode char U+00FA (decimal 250)
   defining Unicode char U+00FB (decimal 251)
   defining Unicode char U+00FC (decimal 252)
   defining Unicode char U+00FD (decimal 253)
   defining Unicode char U+00FE (decimal 254)
   defining Unicode char U+00FF (decimal 255)
   defining Unicode char U+0102 (decimal 258)
   defining Unicode char U+0103 (decimal 259)
   defining Unicode char U+0104 (decimal 260)
   defining Unicode char U+0105 (decimal 261)
   defining Unicode char U+0106 (decimal 262)
   defining Unicode char U+0107 (decimal 263)
   defining Unicode char U+010C (decimal 268)
   defining Unicode char U+010D (decimal 269)
   defining Unicode char U+010E (decimal 270)
   defining Unicode char U+010F (decimal 271)
   defining Unicode char U+0110 (decimal 272)
   defining Unicode char U+0111 (decimal 273)
   defining Unicode char U+0118 (decimal 280)
   defining Unicode char U+0119 (decimal 281)
   defining Unicode char U+011A (decimal 282)
   defining Unicode char U+011B (decimal 283)
   defining Unicode char U+011E (decimal 286)
   defining Unicode char U+011F (decimal 287)
   defining Unicode char U+0130 (decimal 304)
   defining Unicode char U+0131 (decimal 305)
   defining Unicode char U+0132 (decimal 306)
   defining Unicode char U+0133 (decimal 307)
   defining Unicode char U+0139 (decimal 313)
   defining Unicode char U+013A (decimal 314)
   defining Unicode char U+013D (decimal 317)
   defining Unicode char U+013E (decimal 318)
   defining Unicode char U+0141 (decimal 321)
   defining Unicode char U+0142 (decimal 322)
   defining Unicode char U+0143 (decimal 323)
   defining Unicode char U+0144 (decimal 324)
   defining Unicode char U+0147 (decimal 327)
   defining Unicode char U+0148 (decimal 328)
   defining Unicode char U+014A (decimal 330)
   defining Unicode char U+014B (decimal 331)
   defining Unicode char U+0150 (decimal 336)
   defining Unicode char U+0151 (decimal 337)
   defining Unicode char U+0152 (decimal 338)
   defining Unicode char U+0153 (decimal 339)
   defining Unicode char U+0154 (decimal 340)
   defining Unicode char U+0155 (decimal 341)
   defining Unicode char U+0158 (decimal 344)
   defining Unicode char U+0159 (decimal 345)
   defining Unicode char U+015A (decimal 346)
   defining Unicode char U+015B (decimal 347)
   defining Unicode char U+015E (decimal 350)
   defining Unicode char U+015F (decimal 351)
   defining Unicode char U+0160 (decimal 352)
   defining Unicode char U+0161 (decimal 353)
   defining Unicode char U+0162 (decimal 354)
   defining Unicode char U+0163 (decimal 355)
   defining Unicode char U+0164 (decimal 356)
   defining Unicode char U+0165 (decimal 357)
   defining Unicode char U+016E (decimal 366)
   defining Unicode char U+016F (decimal 367)
   defining Unicode char U+0170 (decimal 368)
   defining Unicode char U+0171 (decimal 369)
   defining Unicode char U+0178 (decimal 376)
   defining Unicode char U+0179 (decimal 377)
   defining Unicode char U+017A (decimal 378)
   defining Unicode char U+017B (decimal 379)
   defining Unicode char U+017C (decimal 380)
   defining Unicode char U+017D (decimal 381)
   defining Unicode char U+017E (decimal 382)
   defining Unicode char U+200C (decimal 8204)
   defining Unicode char U+2013 (decimal 8211)
   defining Unicode char U+2014 (decimal 8212)
   defining Unicode char U+2018 (decimal 8216)
   defining Unicode char U+2019 (decimal 8217)
   defining Unicode char U+201A (decimal 8218)
   defining Unicode char U+201C (decimal 8220)
   defining Unicode char U+201D (decimal 8221)
   defining Unicode char U+201E (decimal 8222)
   defining Unicode char U+2030 (decimal 8240)
   defining Unicode char U+2031 (decimal 8241)
   defining Unicode char U+2039 (decimal 8249)
   defining Unicode char U+203A (decimal 8250)
   defining Unicode char U+2423 (decimal 9251)
)
Now handling font encoding OT1 ...
... processing UTF-8 mapping file for font encoding OT1

("C:\Program Files\MiKTeX 2.9\tex\latex\base\ot1enc.dfu"
File: ot1enc.dfu 2008/04/05 v1.1m UTF-8 support for inputenc
   defining Unicode char U+00A1 (decimal 161)
   defining Unicode char U+00A3 (decimal 163)
   defining Unicode char U+00B8 (decimal 184)
   defining Unicode char U+00BF (decimal 191)
   defining Unicode char U+00C5 (decimal 197)
   defining Unicode char U+00C6 (decimal 198)
   defining Unicode char U+00D8 (decimal 216)
   defining Unicode char U+00DF (decimal 223)
   defining Unicode char U+00E6 (decimal 230)
   defining Unicode char U+00EC (decimal 236)
   defining Unicode char U+00ED (decimal 237)
   defining Unicode char U+00EE (decimal 238)
   defining Unicode char U+00EF (decimal 239)
   defining Unicode char U+00F8 (decimal 248)
   defining Unicode char U+0131 (decimal 305)
   defining Unicode char U+0141 (decimal 321)
   defining Unicode char U+0142 (decimal 322)
   defining Unicode char U+0152 (decimal 338)
   defining Unicode char U+0153 (decimal 339)
   defining Unicode char U+2013 (decimal 8211)
   defining Unicode char U+2014 (decimal 8212)
   defining Unicode char U+2018 (decimal 8216)
   defining Unicode char U+2019 (decimal 8217)
   defining Unicode char U+201C (decimal 8220)
   defining Unicode char U+201D (decimal 8221)
)
Now handling font encoding OMS ...
... processing UTF-8 mapping file for font encoding OMS

("C:\Program Files\MiKTeX 2.9\tex\latex\base\omsenc.dfu"
File: omsenc.dfu 2008/04/05 v1.1m UTF-8 support for inputenc
   defining Unicode char U+00A7 (decimal 167)
   defining Unicode char U+00B6 (decimal 182)
   defining Unicode char U+00B7 (decimal 183)
   defining Unicode char U+2020 (decimal 8224)
   defining Unicode char U+2021 (decimal 8225)
   defining Unicode char U+2022 (decimal 8226)
)
Now handling font encoding OMX ...
... no UTF-8 mapping file for font encoding OMX
Now handling font encoding U ...
... no UTF-8 mapping file for font encoding U
   defining Unicode char U+00A9 (decimal 169)
   defining Unicode char U+00AA (decimal 170)
   defining Unicode char U+00AE (decimal 174)
   defining Unicode char U+00BA (decimal 186)
   defining Unicode char U+02C6 (decimal 710)
   defining Unicode char U+02DC (decimal 732)
   defining Unicode char U+200C (decimal 8204)
   defining Unicode char U+2026 (decimal 8230)
   defining Unicode char U+2122 (decimal 8482)
   defining Unicode char U+2423 (decimal 9251)
))
("C:\Program Files\MiKTeX 2.9\tex\latex\graphics\color.sty"
Package: color 2005/11/14 v1.0j Standard LaTeX Color (DPC)

("C:\Program Files\MiKTeX 2.9\tex\latex\00miktex\color.cfg"
File: color.cfg 2007/01/18 v1.5 color configuration of teTeX/TeXLive
)
Package color Info: Driver file: pdftex.def on input line 130.
)
("C:\Program Files\MiKTeX 2.9\tex\latex\xcolor\xcolor.sty"
Package: xcolor 2007/01/21 v2.11 LaTeX color extensions (UK)

("C:\Program Files\MiKTeX 2.9\tex\latex\00miktex\color.cfg"
File: color.cfg 2007/01/18 v1.5 color configuration of teTeX/TeXLive
)
Package xcolor Info: Driver file: pdftex.def on input line 225.
LaTeX Info: Redefining \color on input line 702.
Package xcolor Info: Model `cmy' substituted by `cmy0' on input line 1337.
Package xcolor Info: Model `hsb' substituted by `rgb' on input line 1341.
Package xcolor Info: Model `RGB' extended on input line 1353.
Package xcolor Info: Model `HTML' substituted by `rgb' on input line 1355.
Package xcolor Info: Model `Hsb' substituted by `hsb' on input line 1356.
Package xcolor Info: Model `tHsb' substituted by `hsb' on input line 1357.
Package xcolor Info: Model `HSB' substituted by `hsb' on input line 1358.
Package xcolor Info: Model `Gray' substituted by `gray' on input line 1359.
Package xcolor Info: Model `wave' substituted by `hsb' on input line 1360.
)
("C:\Program Files\MiKTeX 2.9\tex\latex\colortbl\colortbl.sty"
Package: colortbl 2012/02/13 v1.0a Color table columns (DPC)

("C:\Program Files\MiKTeX 2.9\tex\latex\tools\array.sty"
Package: array 2008/09/09 v2.4c Tabular extension package (FMi)
\col@sep=\dimen118
\extrarowheight=\dimen119
\NC@list=\toks22
\extratabsurround=\skip43
\backup@length=\skip44
)
\everycr=\toks23
\minrowclearance=\skip45
)
("C:\Program Files\MiKTeX 2.9\tex\latex\multirow\multirow.sty"
\bigstrutjot=\dimen120
)
("C:\Program Files\MiKTeX 2.9\tex\latex\subfig\subfig.sty"
Package: subfig 2005/06/28 ver: 1.3 subfig package

("C:\Program Files\MiKTeX 2.9\tex\latex\caption\caption.sty"
Package: caption 2013/05/02 v3.3-89 Customizing captions (AR)

("C:\Program Files\MiKTeX 2.9\tex\latex\caption\caption3.sty"
Package: caption3 2013/05/02 v1.6-88 caption3 kernel (AR)
Package caption3 Info: TeX engine: e-TeX on input line 57.
\captionmargin=\dimen121
\captionmargin@=\dimen122
\captionwidth=\dimen123
\caption@tempdima=\dimen124
\caption@indent=\dimen125
\caption@parindent=\dimen126
\caption@hangindent=\dimen127
)
\c@ContinuedFloat=\count94
Package caption Info: float package is loaded.
Package caption Info: wrapfig package is loaded.
)
\c@KVtest=\count95
\sf@farskip=\skip46
\sf@captopadj=\dimen128
\sf@capskip=\skip47
\sf@nearskip=\skip48
\c@subfigure=\count96
\c@subfigure@save=\count97
\c@lofdepth=\count98
\c@subtable=\count99
\c@subtable@save=\count100
\c@lotdepth=\count101
\sf@top=\skip49
\sf@bottom=\skip50
)
("C:\Program Files\MiKTeX 2.9\tex\latex\base\fontenc.sty"
Package: fontenc 2005/09/27 v1.99g Standard LaTeX package

("C:\Program Files\MiKTeX 2.9\tex\latex\base\ot1enc.def"
File: ot1enc.def 2005/09/27 v1.99g Standard LaTeX file
LaTeX Font Info:    Redeclaring font encoding OT1 on input line 43.
))
("C:\Program Files\MiKTeX 2.9\tex\latex\tocbibind\tocbibind.sty"
Package: tocbibind 2010/10/13 v1.5k extra ToC listings
Package tocbibind Info: The document has chapter divisions on input line 50.


Package tocbibind Note: Using chapter style headings, unless overridden.

) ("C:\Program Files\MiKTeX 2.9\tex\latex\ltxmisc\anysize.sty"
Package: anysize 1994/08/13 1.0 Contributed LaTeX2e package

Package: `anysize' 1.0 <1994/08/13>
\@Leftmargin=\dimen129
\@Rightmargin=\dimen130
\@Topmargin=\dimen131
\@Bottommargin=\dimen132
) ("C:\Program Files\MiKTeX 2.9\tex\latex\listings\listings.sty"
\lst@mode=\count102
\lst@gtempboxa=\box29
\lst@token=\toks24
\lst@length=\count103
\lst@currlwidth=\dimen133
\lst@column=\count104
\lst@pos=\count105
\lst@lostspace=\dimen134
\lst@width=\dimen135
\lst@newlines=\count106
\lst@lineno=\count107
\lst@maxwidth=\dimen136

("C:\Program Files\MiKTeX 2.9\tex\latex\listings\lstmisc.sty"
File: lstmisc.sty 2007/02/22 1.4 (Carsten Heinz)
\c@lstnumber=\count108
\lst@skipnumbers=\count109
\lst@framebox=\box30
)
("C:\Program Files\MiKTeX 2.9\tex\latex\listings\listings.cfg"
File: listings.cfg 2007/02/22 1.4 listings configuration
))
Package: listings 2007/02/22 1.4 (Carsten Heinz)

("C:\Program Files\MiKTeX 2.9\tex\latex\glossaries\base\glossaries.sty"
Package: glossaries 2013/04/21 v3.05 (NLCT)

("C:\Program Files\MiKTeX 2.9\tex\latex\base\ifthen.sty"
Package: ifthen 2001/05/26 v1.1c Standard LaTeX ifthen package (DPC)
)
("C:\Program Files\MiKTeX 2.9\tex\latex\xkeyval\xkeyval.sty"
Package: xkeyval 2012/10/14 v2.6b package option processing (HA)

("C:\Program Files\MiKTeX 2.9\tex\generic\xkeyval\xkeyval.tex"
\XKV@toks=\toks25
\XKV@tempa@toks=\toks26
\XKV@depth=\count110
File: xkeyval.tex 2012/10/14 v2.6b key=value parser (HA)
))
("C:\Program Files\MiKTeX 2.9\tex\latex\glossaries\base\mfirstuc.sty"
Package: mfirstuc 2012/05/21 v1.06 (NLCT)

("C:\Program Files\MiKTeX 2.9\tex\latex\etoolbox\etoolbox.sty"
Package: etoolbox 2011/01/03 v2.1 e-TeX tools for LaTeX

("C:\Program Files\MiKTeX 2.9\tex\latex\misc\etex.sty"
Package: etex 1998/03/26 v2.0 eTeX basic definition package (PEB)
\et@xins=\count111
)
\etb@tempcnta=\count112
)
\@glsmfirst=\toks27
\@glsmrest=\toks28
)
("C:\Program Files\MiKTeX 2.9\tex\latex\xfor\xfor.sty"
Package: xfor 2009/02/05 v1.05 (NLCT)
)
("C:\Program Files\MiKTeX 2.9\tex\latex\datatool\datatool-base.sty"
Package: datatool-base 2013/01/15 v2.13 (NLCT)

("C:\Program Files\MiKTeX 2.9\tex\latex\amsmath\amsmath.sty"
Package: amsmath 2013/01/14 v2.14 AMS math features
\@mathmargin=\skip51

For additional information on amsmath, use the `?' option.
("C:\Program Files\MiKTeX 2.9\tex\latex\amsmath\amstext.sty"
Package: amstext 2000/06/29 v2.01

("C:\Program Files\MiKTeX 2.9\tex\latex\amsmath\amsgen.sty"
File: amsgen.sty 1999/11/30 v2.0
\@emptytoks=\toks29
\ex@=\dimen137
))
("C:\Program Files\MiKTeX 2.9\tex\latex\amsmath\amsbsy.sty"
Package: amsbsy 1999/11/29 v1.2d
\pmbraise@=\dimen138
)
("C:\Program Files\MiKTeX 2.9\tex\latex\amsmath\amsopn.sty"
Package: amsopn 1999/12/14 v2.01 operator names
)
\inf@bad=\count113
LaTeX Info: Redefining \frac on input line 210.
\uproot@=\count114
\leftroot@=\count115
LaTeX Info: Redefining \overline on input line 306.
\classnum@=\count116
\DOTSCASE@=\count117
LaTeX Info: Redefining \ldots on input line 378.
LaTeX Info: Redefining \dots on input line 381.
LaTeX Info: Redefining \cdots on input line 466.
\Mathstrutbox@=\box31
\strutbox@=\box32
\big@size=\dimen139
LaTeX Font Info:    Redeclaring font encoding OML on input line 566.
LaTeX Font Info:    Redeclaring font encoding OMS on input line 567.
\macc@depth=\count118
\c@MaxMatrixCols=\count119
\dotsspace@=\muskip10
\c@parentequation=\count120
\dspbrk@lvl=\count121
\tag@help=\toks30
\row@=\count122
\column@=\count123
\maxfields@=\count124
\andhelp@=\toks31
\eqnshift@=\dimen140
\alignsep@=\dimen141
\tagshift@=\dimen142
\tagwidth@=\dimen143
\totwidth@=\dimen144
\lineht@=\dimen145
\@envbody=\toks32
\multlinegap=\skip52
\multlinetaggap=\skip53
\mathdisplay@stack=\toks33
LaTeX Info: Redefining \[ on input line 2665.
LaTeX Info: Redefining \] on input line 2666.
)
("C:\Program Files\MiKTeX 2.9\tex\latex\substr\substr.sty"
Package: substr 2009/10/20 v1.2 Handle substrings
\c@su@anzahl=\count125
)
("C:\Program Files\MiKTeX 2.9\tex\latex\datatool\datatool-fp.sty"
Package: datatool-fp 2013/01/15 v2.13 (NLCT)

("C:\Program Files\MiKTeX 2.9\tex\latex\fp\fp.sty"
Package: fp 1995/04/02

`Fixed Point Package', Version 0.8, April 2, 1995 (C) Michael Mehlich
("C:\Program Files\MiKTeX 2.9\tex\latex\fp\defpattern.sty"
Package: defpattern 1994/10/12
\actioncount=\count126
)
("C:\Program Files\MiKTeX 2.9\tex\latex\fp\fp-basic.sty"
Package: fp-basic 1996/05/13
\FP@xs=\count127
\FP@xia=\count128
\FP@xib=\count129
\FP@xfa=\count130
\FP@xfb=\count131
\FP@rega=\count132
\FP@regb=\count133
\FP@regs=\count134
\FP@times=\count135
)
("C:\Program Files\MiKTeX 2.9\tex\latex\fp\fp-addons.sty"
Package: fp-addons 1995/03/15
)
("C:\Program Files\MiKTeX 2.9\tex\latex\fp\fp-snap.sty"
Package: fp-snap 1995/04/05
)
("C:\Program Files\MiKTeX 2.9\tex\latex\fp\fp-exp.sty"
Package: fp-exp 1995/04/03
)
("C:\Program Files\MiKTeX 2.9\tex\latex\fp\fp-trigo.sty"
Package: fp-trigo 1995/04/14
)
("C:\Program Files\MiKTeX 2.9\tex\latex\fp\fp-pas.sty"
Package: fp-pas 1994/08/29
)
("C:\Program Files\MiKTeX 2.9\tex\latex\fp\fp-random.sty"
Package: fp-random 1995/02/23
\FPseed=\count136
)
("C:\Program Files\MiKTeX 2.9\tex\latex\fp\fp-eqn.sty"
Package: fp-eqn 1995/04/03
)
("C:\Program Files\MiKTeX 2.9\tex\latex\fp\fp-upn.sty"
Package: fp-upn 1996/10/21
)
("C:\Program Files\MiKTeX 2.9\tex\latex\fp\fp-eval.sty"
Package: fp-eval 1995/04/03
)))
\@dtl@toks=\toks34
\@dtl@tmpcount=\count137
\dtl@tmplength=\skip54
\dtl@sortresult=\count138
\@dtl@numgrpsepcount=\count139
\@dtl@datatype=\count140
\dtl@codeA=\count141
\dtl@codeB=\count142
\@dtl@foreach@level=\count143
)
\gls@level=\count144
\@gls@tmpb=\toks35
\gls@tmplen=\skip55
\glswrite=\write3
\glskeylisttok=\toks36
\glslabeltok=\toks37
\glsshorttok=\toks38
\glslongtok=\toks39

("C:\Program Files\MiKTeX 2.9\tex\latex\glossaries\styles\glossary-hypernav.sty
"
Package: glossary-hypernav 2007/07/04 v1.01 (NLCT)
) ("C:\Program Files\MiKTeX 2.9\tex\latex\glossaries\styles\glossary-list.sty"
Package: glossary-list 2012/11/11 v3.04 (NLCT)
\glslistdottedwidth=\skip56
) ("C:\Program Files\MiKTeX 2.9\tex\latex\glossaries\styles\glossary-long.sty"
Package: glossary-long 2012/09/21 v3.03 (NLCT)

("C:\Program Files\MiKTeX 2.9\tex\latex\tools\longtable.sty"
Package: longtable 2004/02/01 v4.11 Multi-page Table package (DPC)
\LTleft=\skip57
\LTright=\skip58
\LTpre=\skip59
\LTpost=\skip60
\LTchunksize=\count145
\LTcapwidth=\dimen146
\LT@head=\box33
\LT@firsthead=\box34
\LT@foot=\box35
\LT@lastfoot=\box36
\LT@cols=\count146
\LT@rows=\count147
\c@LT@tables=\count148
\c@LT@chunks=\count149
\LT@p@ftn=\toks40
)
\glsdescwidth=\skip61
\glspagelistwidth=\skip62
)
("C:\Program Files\MiKTeX 2.9\tex\latex\glossaries\styles\glossary-super.sty"
Package: glossary-super 2012/09/21 v3.03 (NLCT)

("C:\Program Files\MiKTeX 2.9\tex\latex\supertabular\supertabular.sty"
Package: supertabular 2004/02/20 v4.1e the supertabular environment
\c@tracingst=\count150
\ST@wd=\dimen147
\ST@rightskip=\skip63
\ST@leftskip=\skip64
\ST@parfillskip=\skip65
\ST@pageleft=\dimen148
\ST@headht=\dimen149
\ST@tailht=\dimen150
\ST@pagesofar=\dimen151
\ST@pboxht=\dimen152
\ST@lineht=\dimen153
\ST@stretchht=\dimen154
\ST@prevht=\dimen155
\ST@toadd=\dimen156
\ST@dimen=\dimen157
\ST@pbox=\box37
))
("C:\Program Files\MiKTeX 2.9\tex\latex\glossaries\styles\glossary-tree.sty"
Package: glossary-tree 2012/09/21 v3.03 (NLCT)
\glstreeindent=\skip66
))
("C:\Program Files\MiKTeX 2.9\tex\latex\ltxmisc\url.sty"
\Urlmuskip=\muskip11
Package: url 2006/04/12  ver 3.3  Verb mode for urls, etc.
)
("C:\Program Files\MiKTeX 2.9\tex\latex\amscls\amsthm.sty"
Package: amsthm 2004/08/06 v2.20
\thm@style=\toks41
\thm@bodyfont=\toks42
\thm@headfont=\toks43
\thm@notefont=\toks44
\thm@headpunct=\toks45
\thm@preskip=\skip67
\thm@postskip=\skip68
\thm@headsep=\skip69
\dth@everypar=\toks46
)
("C:\Program Files\MiKTeX 2.9\tex\latex\fancyhdr\fancyhdr.sty"
\fancy@headwidth=\skip70
\f@ncyO@elh=\skip71
\f@ncyO@erh=\skip72
\f@ncyO@olh=\skip73
\f@ncyO@orh=\skip74
\f@ncyO@elf=\skip75
\f@ncyO@erf=\skip76
\f@ncyO@olf=\skip77
\f@ncyO@orf=\skip78
)
("C:\Program Files\MiKTeX 2.9\tex\latex\fancyvrb\fancyvrb.sty"
Package: fancyvrb 2008/02/07

Style option: `fancyvrb' v2.7a, with DG/SPQR fixes, and firstline=lastline fix 
<2008/02/07> (tvz)
\FV@CodeLineNo=\count151
\FV@InFile=\read2
\FV@TabBox=\box38
\c@FancyVerbLine=\count152
\FV@StepNumber=\count153
\FV@OutFile=\write4
) ("C:\Program Files\MiKTeX 2.9\tex\latex\base\makeidx.sty"
Package: makeidx 2000/03/29 v1.0m Standard LaTeX package
)
\@indexfile=\write5

Writing index file thesis.idx
\c@definicion=\count154
\c@teorema=\count155
\c@lema=\count156
("C:\Program Files\MiKTeX 2.9\tex\latex\hyperref\hyperref.sty"
Package: hyperref 2012/11/06 v6.83m Hypertext links for LaTeX

("C:\Program Files\MiKTeX 2.9\tex\generic\oberdiek\hobsub-hyperref.sty"
Package: hobsub-hyperref 2012/04/25 v1.12 Bundle oberdiek, subset hyperref (HO)


("C:\Program Files\MiKTeX 2.9\tex\generic\oberdiek\hobsub-generic.sty"
Package: hobsub-generic 2012/04/25 v1.12 Bundle oberdiek, subset generic (HO)
Package: hobsub 2012/04/25 v1.12 Construct package bundles (HO)
Package hobsub Info: Skipping package `infwarerr' (already loaded).
Package hobsub Info: Skipping package `ltxcmds' (already loaded).
Package: ifluatex 2010/03/01 v1.3 Provides the ifluatex switch (HO)
Package ifluatex Info: LuaTeX not detected.
Package: ifvtex 2010/03/01 v1.5 Detect VTeX and its facilities (HO)
Package ifvtex Info: VTeX not detected.
Package: intcalc 2007/09/27 v1.1 Expandable calculations with integers (HO)
Package: ifpdf 2011/01/30 v2.3 Provides the ifpdf switch (HO)
Package ifpdf Info: pdfTeX in PDF mode is detected.
Package: etexcmds 2011/02/16 v1.5 Avoid name clashes with e-TeX commands (HO)
Package etexcmds Info: Could not find \expanded.
(etexcmds)             That can mean that you are not using pdfTeX 1.50 or
(etexcmds)             that some package has redefined \expanded.
(etexcmds)             In the latter case, load this package earlier.
Package: kvsetkeys 2012/04/25 v1.16 Key value parser (HO)
Package: kvdefinekeys 2011/04/07 v1.3 Define keys (HO)
Package: pdftexcmds 2011/11/29 v0.20 Utility functions of pdfTeX for LuaTeX (HO
)
Package pdftexcmds Info: LuaTeX not detected.
Package pdftexcmds Info: \pdf@primitive is available.
Package pdftexcmds Info: \pdf@ifprimitive is available.
Package pdftexcmds Info: \pdfdraftmode found.
Package: pdfescape 2011/11/25 v1.13 Implements pdfTeX's escape features (HO)
Package: bigintcalc 2012/04/08 v1.3 Expandable calculations on big integers (HO
)
Package: bitset 2011/01/30 v1.1 Handle bit-vector datatype (HO)
Package: uniquecounter 2011/01/30 v1.2 Provide unlimited unique counter (HO)
)
Package hobsub Info: Skipping package `hobsub' (already loaded).
Package: letltxmacro 2010/09/02 v1.4 Let assignment for LaTeX macros (HO)
Package: hopatch 2011/06/24 v1.1 Wrapper for package hooks (HO)
Package: xcolor-patch 2011/01/30 xcolor patch
Package: atveryend 2011/06/30 v1.8 Hooks at the very end of document (HO)
Package: atbegshi 2011/10/05 v1.16 At begin shipout hook (HO)
Package: refcount 2011/10/16 v3.4 Data extraction from label references (HO)
Package: hycolor 2011/01/30 v1.7 Color options for hyperref/bookmark (HO)
)
("C:\Program Files\MiKTeX 2.9\tex\generic\ifxetex\ifxetex.sty"
Package: ifxetex 2010/09/12 v0.6 Provides ifxetex conditional
)
("C:\Program Files\MiKTeX 2.9\tex\latex\oberdiek\auxhook.sty"
Package: auxhook 2011/03/04 v1.3 Hooks for auxiliary files (HO)
)
("C:\Program Files\MiKTeX 2.9\tex\latex\oberdiek\kvoptions.sty"
Package: kvoptions 2011/06/30 v3.11 Key value format for package options (HO)
)
\@linkdim=\dimen158
\Hy@linkcounter=\count157
\Hy@pagecounter=\count158

("C:\Program Files\MiKTeX 2.9\tex\latex\hyperref\pd1enc.def"
File: pd1enc.def 2012/11/06 v6.83m Hyperref: PDFDocEncoding definition (HO)
Now handling font encoding PD1 ...
... no UTF-8 mapping file for font encoding PD1
)
\Hy@SavedSpaceFactor=\count159

("C:\Program Files\MiKTeX 2.9\tex\latex\00miktex\hyperref.cfg"
File: hyperref.cfg 2002/06/06 v1.2 hyperref configuration of TeXLive
)
Package hyperref Info: Hyper figures OFF on input line 4443.
Package hyperref Info: Link nesting OFF on input line 4448.
Package hyperref Info: Hyper index ON on input line 4451.
Package hyperref Info: Plain pages OFF on input line 4458.
Package hyperref Info: Backreferencing OFF on input line 4463.
Package hyperref Info: Implicit mode ON; LaTeX internals redefined.
Package hyperref Info: Bookmarks ON on input line 4688.
\c@Hy@tempcnt=\count160
LaTeX Info: Redefining \url on input line 5041.
\XeTeXLinkMargin=\dimen159
\Fld@menulength=\count161
\Field@Width=\dimen160
\Fld@charsize=\dimen161
Package hyperref Info: Hyper figures OFF on input line 6295.
Package hyperref Info: Link nesting OFF on input line 6300.
Package hyperref Info: Hyper index ON on input line 6303.
Package hyperref Info: backreferencing OFF on input line 6310.
Package hyperref Info: Link coloring OFF on input line 6315.
Package hyperref Info: Link coloring with OCG OFF on input line 6320.
Package hyperref Info: PDF/A mode OFF on input line 6325.
LaTeX Info: Redefining \ref on input line 6365.
LaTeX Info: Redefining \pageref on input line 6369.
\Hy@abspage=\count162
\c@Item=\count163
\c@Hfootnote=\count164
)

Package hyperref Message: Driver (autodetected): hpdftex.

("C:\Program Files\MiKTeX 2.9\tex\latex\hyperref\hpdftex.def"
File: hpdftex.def 2012/11/06 v6.83m Hyperref driver for pdfTeX
\Fld@listcount=\count165
\c@bookmark@seq@number=\count166

("C:\Program Files\MiKTeX 2.9\tex\latex\oberdiek\rerunfilecheck.sty"
Package: rerunfilecheck 2011/04/15 v1.7 Rerun checks for auxiliary files (HO)
Package uniquecounter Info: New unique counter `rerunfilecheck' on input line 2
82.
)
\Hy@SectionHShift=\skip79
)
Package hyperref Info: Option `colorlinks' set `true' on input line 81.


Package hyperref Warning: Option `backref' has already been used,
(hyperref)                setting the option has no effect on input line 81.


Package hyperref Warning: Option `pdftex' has already been used,
(hyperref)                setting the option has no effect on input line 81.

\glo@main@file=\write6
Package glossaries Info: Writing glossary file thesis.glo on input line 84.
\glo@acronym@file=\write7
Package glossaries Info: Writing glossary file thesis.acn on input line 84.

("C:\Documents and Settings\Administrator\My Documents\GitHub\pasantia\glossary
.tex") ("C:\Program Files\MiKTeX 2.9\tex\latex\textpos\textpos.sty"
Package: textpos 2012/11/13 v1.7i

Package: textpos 2012/11/13 1.7i, absolute positioning of text on the page
("C:\Program Files\MiKTeX 2.9\tex\latex\ms\everyshi.sty"
Package: everyshi 2001/05/15 v3.00 EveryShipout Package (MS)
)
\TP@textbox=\box39
\TP@holdbox=\box40
\TPHorizModule=\dimen162
\TPVertModule=\dimen163
\TP@margin=\dimen164
\TP@absmargin=\dimen165

Grid set 16 x 16 = 38.39343pt x 49.68562pt
\TPboxrulesize=\dimen166
\TP@ox=\dimen167
\TP@oy=\dimen168
\TP@tbargs=\toks47
\TP@prevdepth=\dimen169
TextBlockOrigin set to 0pt x 0pt
) ("C:\Program Files\MiKTeX 2.9\tex\latex\listings\lstlang1.sty"
File: lstlang1.sty 2004/09/05 1.3 listings language file
)
("C:\Program Files\MiKTeX 2.9\tex\latex\listings\lstmisc.sty"
File: lstmisc.sty 2007/02/22 1.4 (Carsten Heinz)
)
("C:\Documents and Settings\Administrator\My Documents\GitHub\pasantia\thesis.a
ux"

LaTeX Warning: Label `subsect:defprop' multiply defined.


LaTeX Warning: Label `fig:estructura' multiply defined.

)
LaTeX Font Info:    Checking defaults for OML/cmm/m/it on input line 109.
LaTeX Font Info:    ... okay on input line 109.
LaTeX Font Info:    Checking defaults for T1/cmr/m/n on input line 109.
LaTeX Font Info:    ... okay on input line 109.
LaTeX Font Info:    Checking defaults for OT1/cmr/m/n on input line 109.
LaTeX Font Info:    ... okay on input line 109.
LaTeX Font Info:    Checking defaults for OMS/cmsy/m/n on input line 109.
LaTeX Font Info:    ... okay on input line 109.
LaTeX Font Info:    Checking defaults for OMX/cmex/m/n on input line 109.
LaTeX Font Info:    ... okay on input line 109.
LaTeX Font Info:    Checking defaults for U/cmr/m/n on input line 109.
LaTeX Font Info:    ... okay on input line 109.
LaTeX Font Info:    Checking defaults for PD1/pdf/m/n on input line 109.
LaTeX Font Info:    ... okay on input line 109.
 ("C:\Program Files\MiKTeX 2.9\tex\context\base\supp-pdf.mkii"
[Loading MPS to PDF converter (version 2006.09.02).]
\scratchcounter=\count167
\scratchdimen=\dimen170
\scratchbox=\box41
\nofMPsegments=\count168
\nofMParguments=\count169
\everyMPshowfont=\toks48
\MPscratchCnt=\count170
\MPscratchDim=\dimen171
\MPnumerator=\count171
\makeMPintoPDFobject=\count172
\everyMPtoPDFconversion=\toks49
)
("C:\Program Files\MiKTeX 2.9\tex\latex\glossaries\dict\glossaries-dictionary-E
nglish.dict"
Dictionary: glossaries-dictionary, Language: English 
)
("C:\Program Files\MiKTeX 2.9\tex\latex\glossaries\dict\glossaries-dictionary-S
panish.dict"
Dictionary: glossaries-dictionary, Language: Spanish 
)
Package caption Info: Begin \AtBeginDocument code.
Package caption Info: subfig package v1.3 is loaded.
Package caption Info: hyperref package is loaded.
Package caption Info: listings package is loaded.
Package caption Info: longtable package is loaded.
 ("C:\Program Files\MiKTeX 2.9\tex\latex\caption\ltcaption.sty"
Package: ltcaption 2013/02/03 v1.3-62 longtable captions (AR)
)
Package caption Info: supertabular package is loaded.
Package caption Info: End \AtBeginDocument code.
\c@lstlisting=\count173
\AtBeginShipoutBox=\box42
Package hyperref Info: Link coloring ON on input line 109.

("C:\Program Files\MiKTeX 2.9\tex\latex\hyperref\nameref.sty"
Package: nameref 2012/10/27 v2.43 Cross-referencing by name of section

("C:\Program Files\MiKTeX 2.9\tex\generic\oberdiek\gettitlestring.sty"
Package: gettitlestring 2010/12/03 v1.4 Cleanup title references (HO)
)
\c@section@level=\count174
)
LaTeX Info: Redefining \ref on input line 109.
LaTeX Info: Redefining \pageref on input line 109.
LaTeX Info: Redefining \nameref on input line 109.

("C:\Documents and Settings\Administrator\My Documents\GitHub\pasantia\thesis.o
ut")
("C:\Documents and Settings\Administrator\My Documents\GitHub\pasantia\thesis.o
ut")
\@outlinefile=\write8
 ABD: EveryShipout initializing macros
("C:\Documents and Settings\Administrator\My Documents\GitHub\pasantia\title.te
x" <figures/cebolla.png, id=398, 218.31563pt x 164.11313pt>
File: figures/cebolla.png Graphic file (type png)

<use figures/cebolla.png>
Package pdftex.def Info: figures/cebolla.png used on input line 6.
(pdftex.def)             Requested size: 109.15753pt x 82.05635pt.


LaTeX Font Warning: Font shape `OT1/cmr/bx/sc' undefined
(Font)              using `OT1/cmr/bx/n' instead on input line 11.

LaTeX Font Info:    Try loading font information for U+lasy on input line 45.
("C:\Program Files\MiKTeX 2.9\tex\latex\base\ulasy.fd"
File: ulasy.fd 1998/08/17 v2.2e LaTeX symbol font definitions
)
LaTeX Font Info:    Try loading font information for U+msa on input line 45.

("C:\Program Files\MiKTeX 2.9\tex\latex\amsfonts\umsa.fd"
File: umsa.fd 2013/01/14 v3.01 AMS symbols A
)
LaTeX Font Info:    Try loading font information for U+msb on input line 45.

("C:\Program Files\MiKTeX 2.9\tex\latex\amsfonts\umsb.fd"
File: umsb.fd 2013/01/14 v3.01 AMS symbols B
) [1

{C:/Documents and Settings/All Users/Application Data/MiKTeX/2.9/pdftex/config/
pdftex.map} <C:/Documents and Settings/Administrator/My Documents/GitHub/pasant
ia/figures/cebolla.png (PNG copy)>])
("C:\Documents and Settings\Administrator\My Documents\GitHub\pasantia\acta.tex
"
File: figures/cebolla.png Graphic file (type png)
 <use figures/cebolla.png>
Package pdftex.def Info: figures/cebolla.png used on input line 6.
(pdftex.def)             Requested size: 109.15753pt x 82.05635pt.
pdfTeX warning (ext4): destination with the same identifier (name{page.1}) has 
been already used, duplicate ignored
<to be read again> 
                   \relax 
l.75 \end{titlepage}
                     [1])
("C:\Documents and Settings\Administrator\My Documents\GitHub\pasantia\resumen.
tex" [4])
("C:\Documents and Settings\Administrator\My Documents\GitHub\pasantia\dedicato
ria.tex" [5])
("C:\Documents and Settings\Administrator\My Documents\GitHub\pasantia\agradeci
mientos.tex") [6

]
("C:\Documents and Settings\Administrator\My Documents\GitHub\pasantia\thesis.t
oc"

Package spanish Warning: Replacing `OT1/cmr/bx/sc' by 
(spanish)                faked small caps on input line 2.


Package spanish Warning: Replacing `OT1/cmr/bx/sc' by 
(spanish)                faked small caps on input line 3.


Package spanish Warning: Replacing `OT1/cmr/bx/sc' by 
(spanish)                faked small caps on input line 4.

[7

] [8] [9])
\tf@toc=\write9
 [10]
("C:\Documents and Settings\Administrator\My Documents\GitHub\pasantia\thesis.l
ot")
\tf@lot=\write10
 [11

]
("C:\Documents and Settings\Administrator\My Documents\GitHub\pasantia\thesis.l
of" [12

])
\tf@lof=\write11
 [13]
("C:\Documents and Settings\Administrator\My Documents\GitHub\pasantia\intro.te
x"pdfTeX warning (ext4): destination with the same identifier (name{page.1}) ha
s been already used, duplicate ignored
<to be read again> 
                   \relax 
l.65 
      [1

])
("C:\Documents and Settings\Administrator\My Documents\GitHub\pasantia\empresa.
tex" [2]
Cap\'{\i }tulo 1.
)
("C:\Documents and Settings\Administrator\My Documents\GitHub\pasantia\ssimilar
.tex" [3

]
Cap\'{\i }tulo 2.

LaTeX Warning: Reference `sect:abap' on page 4 undefined on input line 9.

[4

]

LaTeX Warning: Citation `SAP01' on page 5 undefined on input line 39.

[5] [6] [7] [8] [9] [10] [11] [12]

LaTeX Warning: Citation `SD01' on page 13 undefined on input line 170.

<figures/Clasificacion1.png, id=703, 677.53125pt x 161.60374pt>
File: figures/Clasificacion1.png Graphic file (type png)

<use figures/Clasificacion1.png>
Package pdftex.def Info: figures/Clasificacion1.png used on input line 173.
(pdftex.def)             Requested size: 304.88625pt x 72.72101pt.
 [13 <C:/Documents and Settings/Administrator/My Documents/GitHub/pasantia/figu
res/Clasificacion1.png>] [14] [15] [16]
[17] <figures/sm_initial.jpg, id=733, 566.115pt x 630.10406pt>
File: figures/sm_initial.jpg Graphic file (type jpg)

<use figures/sm_initial.jpg>
Package pdftex.def Info: figures/sm_initial.jpg used on input line 268.
(pdftex.def)             Requested size: 367.97038pt x 409.56279pt.
 [18]
<figures/builder.jpg, id=739, 770.88pt x 398.99063pt>
File: figures/builder.jpg Graphic file (type jpg)

<use figures/builder.jpg>
Package pdftex.def Info: figures/builder.jpg used on input line 275.
(pdftex.def)             Requested size: 501.06607pt x 259.34084pt.

Overfull \hbox (29.03484pt too wide) in paragraph at lines 275--276
 [][] 
 []

[19 <C:/Documents and Settings/Administrator/My Documents/GitHub/pasantia/figur
es/sm_initial.jpg>] [20 <C:/Documents and Settings/Administrator/My Documents/G
itHub/pasantia/figures/builder.jpg>]
<figures/batch_input_process.jpg, id=750, 259.7203pt x 322.95656pt>
File: figures/batch_input_process.jpg Graphic file (type jpg)

<use figures/batch_input_process.jpg>
Package pdftex.def Info: figures/batch_input_process.jpg used on input line 299
.
(pdftex.def)             Requested size: 259.71967pt x 322.95576pt.
 [21])
("C:\Documents and Settings\Administrator\My Documents\GitHub\pasantia\herramie
nta.tex" [22 <C:/Documents and Settings/Administrator/My Documents/GitHub/pasan
tia/figures/batch_input_process.jpg>]
Cap\'{\i }tulo 3.
[23

] [24] [25] [26] [27] [28] [29] [30] [31] [32] [33] [34])
("C:\Documents and Settings\Administrator\My Documents\GitHub\pasantia\desarrol
lo.tex" [35]
Cap\'{\i }tulo 4.
[36

] [37] <figures/Org1.png, id=825, 434.5836pt x 183.084pt>
File: figures/Org1.png Graphic file (type png)

<use figures/Org1.png>
Package pdftex.def Info: figures/Org1.png used on input line 36.
(pdftex.def)             Requested size: 195.5608pt x 82.38702pt.
 <figures/Org2.png, id=827, 434.5836pt x 145.5036pt>
File: figures/Org2.png Graphic file (type png)

<use figures/Org2.png>
Package pdftex.def Info: figures/Org2.png used on input line 43.
(pdftex.def)             Requested size: 195.5608pt x 65.476pt.
 [38 <C:/Documents and Settings/Administrator/My Documents/GitHub/pasantia/figu
res/Org1.png> <C:/Documents and Settings/Administrator/My Documents/GitHub/pasa
ntia/figures/Org2.png>] [39] [40] [41] [42]
<figures/OrgVentas.jpg, id=850, 158.84344pt x 50.43843pt>
File: figures/OrgVentas.jpg Graphic file (type jpg)

<use figures/OrgVentas.jpg>
Package pdftex.def Info: figures/OrgVentas.jpg used on input line 122.
(pdftex.def)             Requested size: 103.24701pt x 32.78458pt.

<figures/CanalesDistribucion.jpg, id=851, 212.29312pt x 127.97812pt>
File: figures/CanalesDistribucion.jpg Graphic file (type jpg)

<use figures/CanalesDistribucion.jpg>
Package pdftex.def Info: figures/CanalesDistribucion.jpg used on input line 128
.
(pdftex.def)             Requested size: 137.98889pt x 83.18478pt.

<figures/Sectores.jpg, id=852, 191.21437pt x 51.94406pt>
File: figures/Sectores.jpg Graphic file (type jpg)

<use figures/Sectores.jpg>
Package pdftex.def Info: figures/Sectores.jpg used on input line 134.
(pdftex.def)             Requested size: 124.28786pt x 33.76323pt.

<figures/AreaVentas.jpg, id=853, 570.63188pt x 175.40532pt>
File: figures/AreaVentas.jpg Graphic file (type jpg)

<use figures/AreaVentas.jpg>
Package pdftex.def Info: figures/AreaVentas.jpg used on input line 140.
(pdftex.def)             Requested size: 370.90633pt x 114.01208pt.

<figures/PuestosExpedicion.jpg, id=854, 244.66406pt x 302.63063pt>
File: figures/PuestosExpedicion.jpg Graphic file (type jpg)

<use figures/PuestosExpedicion.jpg>
Package pdftex.def Info: figures/PuestosExpedicion.jpg used on input line 147.
(pdftex.def)             Requested size: 159.02974pt x 196.70757pt.

<figures/PuestoCarga.jpg, id=855, 329.73187pt x 121.20282pt>
File: figures/PuestoCarga.jpg Graphic file (type jpg)

<use figures/PuestoCarga.jpg>
Package pdftex.def Info: figures/PuestoCarga.jpg used on input line 153.
(pdftex.def)             Requested size: 214.32317pt x 78.78088pt.
 [43 <C:/Documents and Settings/Administrator/My Documents/GitHub/pasantia/figu
res/OrgVentas.jpg> <C:/Documents and Settings/Administrator/My Documents/GitHub
/pasantia/figures/CanalesDistribucion.jpg>]
[44 <C:/Documents and Settings/Administrator/My Documents/GitHub/pasantia/figur
es/Sectores.jpg> <C:/Documents and Settings/Administrator/My Documents/GitHub/p
asantia/figures/AreaVentas.jpg> <C:/Documents and Settings/Administrator/My Doc
uments/GitHub/pasantia/figures/PuestosExpedicion.jpg>] [45 <C:/Documents and Se
ttings/Administrator/My Documents/GitHub/pasantia/figures/PuestoCarga.jpg>]
<figures/Factura1.jpg, id=871, 615.0478pt x 499.8675pt>
File: figures/Factura1.jpg Graphic file (type jpg)

<use figures/Factura1.jpg>
Package pdftex.def Info: figures/Factura1.jpg used on input line 194.
(pdftex.def)             Requested size: 399.77634pt x 324.91002pt.

<figures/Factura2.jpg, id=872, 615.80063pt x 497.60907pt>
File: figures/Factura2.jpg Graphic file (type jpg)

<use figures/Factura2.jpg>
Package pdftex.def Info: figures/Factura2.jpg used on input line 195.
(pdftex.def)             Requested size: 400.26566pt x 323.44206pt.


LaTeX Warning: Float too large for page by 70.39316pt on input line 199.

[46])
("C:\Documents and Settings\Administrator\My Documents\GitHub\pasantia\resultad
os.tex" [47] [48 <C:/Documents and Settings/Administrator/My Documents/GitHub/p
asantia/figures/Factura1.jpg> <C:/Documents and Settings/Administrator/My Docum
ents/GitHub/pasantia/figures/Factura2.jpg>]
Cap\'{\i }tulo 5.
[49

]
Overfull \hbox (18.68683pt too wide) in paragraph at lines 74--81
\OT1/cmr/m/n/12 Hurst que se quera si-mu-lar. Es-tos va-lo-res fue-ron $\OMS/
cmsy/m/n/12 f\OT1/cmr/m/n/12 0[]55\OML/cmm/m/it/12 ; \OT1/cmr/m/n/12 0[]60\OML/
cmm/m/it/12 ; \OT1/cmr/m/n/12 0[]65\OML/cmm/m/it/12 ; \OT1/cmr/m/n/12 0[]70\OML
/cmm/m/it/12 ; \OT1/cmr/m/n/12 0[]75\OML/cmm/m/it/12 ; \OT1/cmr/m/n/12 0[]80\OM
L/cmm/m/it/12 ; \OT1/cmr/m/n/12 0[]85\OML/cmm/m/it/12 ; \OT1/cmr/m/n/12 0[]90\O
ML/cmm/m/it/12 ; \OT1/cmr/m/n/12 0[]95\OMS/cmsy/m/n/12 g$\OT1/cmr/m/n/12 . 
 []

[50] <figures/abserror-rs.png, id=900, 642.4pt x 481.8pt>
File: figures/abserror-rs.png Graphic file (type png)

<use figures/abserror-rs.png>
Package pdftex.def Info: figures/abserror-rs.png used on input line 84.
(pdftex.def)             Requested size: 289.07733pt x 216.80798pt.

<figures/abserror-var.png, id=901, 642.4pt x 481.8pt>
File: figures/abserror-var.png Graphic file (type png)

<use figures/abserror-var.png>
Package pdftex.def Info: figures/abserror-var.png used on input line 91.
(pdftex.def)             Requested size: 289.07733pt x 216.80798pt.

<figures/abserror-mavar.png, id=902, 642.4pt x 481.8pt>
File: figures/abserror-mavar.png Graphic file (type png)

<use figures/abserror-mavar.png>
Package pdftex.def Info: figures/abserror-mavar.png used on input line 98.
(pdftex.def)             Requested size: 289.07733pt x 216.80798pt.
 [51 <C:/Documents and Settings/Administrator/My Documents/GitHub/pasantia/figu
res/abserror-rs.png>] [52 <C:/Documents and Settings/Administrator/My Documents
/GitHub/pasantia/figures/abserror-var.png> <C:/Documents and Settings/Administr
ator/My Documents/GitHub/pasantia/figures/abserror-mavar.png>] <figures/time-n-
plot.png, id=916, 642.4pt x 481.8pt>
File: figures/time-n-plot.png Graphic file (type png)

<use figures/time-n-plot.png>
Package pdftex.def Info: figures/time-n-plot.png used on input line 108.
(pdftex.def)             Requested size: 244.11453pt x 183.08589pt.
 [53

 <C:/Documents and Settings/Administrator/My Documents/GitHub/pasantia/figures/
time-n-plot.png>])
("C:\Documents and Settings\Administrator\My Documents\GitHub\pasantia\conclusi
ones.tex" [54]
Cap\'{\i }tulo 6.
[55

] [56])
No file thesis.gls.
No file thesis.acr.

("C:\Documents and Settings\Administrator\My Documents\GitHub\pasantia\thesis.b
bl" [57] [58

] [59] [60] [61])
("C:\Documents and Settings\Administrator\My Documents\GitHub\pasantia\paxson.t
ex" [62]
Ap\'{e}ndice A.
<figures/OrgVentasSociedad.jpg, id=1003, 446.41782pt x 66.2475pt>
File: figures/OrgVentasSociedad.jpg Graphic file (type jpg)

<use figures/OrgVentasSociedad.jpg>
Package pdftex.def Info: figures/OrgVentasSociedad.jpg used on input line 6.
(pdftex.def)             Requested size: 290.16814pt x 43.06035pt.

<figures/OrgVentasCanales.jpg, id=1004, 430.60875pt x 143.78719pt>
File: figures/OrgVentasCanales.jpg Graphic file (type jpg)

<use figures/OrgVentasCanales.jpg>
Package pdftex.def Info: figures/OrgVentasCanales.jpg used on input line 12.
(pdftex.def)             Requested size: 279.89236pt x 93.46056pt.

<figures/OrgVentasSector.jpg, id=1005, 419.31656pt x 82.05656pt>
File: figures/OrgVentasSector.jpg Graphic file (type jpg)

<use figures/OrgVentasSector.jpg>
Package pdftex.def Info: figures/OrgVentasSector.jpg used on input line 18.
(pdftex.def)             Requested size: 272.55252pt x 53.33612pt.

<figures/OfVentaAreas.jpg, id=1006, 697.10437pt x 412.54124pt>
File: figures/OfVentaAreas.jpg Graphic file (type jpg)

<use figures/OfVentaAreas.jpg>
Package pdftex.def Info: figures/OfVentaAreas.jpg used on input line 24.
(pdftex.def)             Requested size: 453.11247pt x 268.14864pt.

<figures/OrgCanalCentro.jpg, id=1007, 652.68843pt x 427.5975pt>
File: figures/OrgCanalCentro.jpg Graphic file (type jpg)

<use figures/OrgCanalCentro.jpg>
Package pdftex.def Info: figures/OrgCanalCentro.jpg used on input line 30.
(pdftex.def)             Requested size: 424.24246pt x 277.93507pt.

<figures/ExpedicionCentro.jpg, id=1008, 377.91188pt x 458.46281pt>
File: figures/ExpedicionCentro.jpg Graphic file (type jpg)

<use figures/ExpedicionCentro.jpg>
Package pdftex.def Info: figures/ExpedicionCentro.jpg used on input line 36.
(pdftex.def)             Requested size: 245.6398pt x 297.99728pt.
 [63

 <C:/Documents and Settings/Administrator/My Documents/GitHub/pasantia/figures/
OrgVentasSociedad.jpg> <C:/Documents and Settings/Administrator/My Documents/Gi
tHub/pasantia/figures/OrgVentasCanales.jpg> <C:/Documents and Settings/Administ
rator/My Documents/GitHub/pasantia/figures/OrgVentasSector.jpg>] [64 <C:/Docume
nts and Settings/Administrator/My Documents/GitHub/pasantia/figures/OfVentaArea
s.jpg>] [65 <C:/Documents and Settings/Administrator/My Documents/GitHub/pasant
ia/figures/OrgCanalCentro.jpg>] [66 <C:/Documents and Settings/Administrator/My
 Documents/GitHub/pasantia/figures/ExpedicionCentro.jpg>]
Overfull \hbox (9.619pt too wide) in paragraph at lines 108--108
[]   \OT1/cmtt/m/n/12 -i        Prints only the protocol statistic information 
available from the[] 
 []


Overfull \hbox (9.619pt too wide) in paragraph at lines 110--110
[]   \OT1/cmtt/m/n/12 -n        Tells the program if you wish to graph the pack
ets per delta time[] 
 []


Overfull \hbox (9.619pt too wide) in paragraph at lines 113--113
[]             \OT1/cmtt/m/n/12 time by use of the R/S statistic. Affected by -
p, -o, -d, -c, -w,[] 
 []


Overfull \hbox (9.619pt too wide) in paragraph at lines 115--115
[]   \OT1/cmtt/m/n/12 -l num    Tells the program to graph the Pox diagram that
 creates the Hurst[] 
 []

[67]
Overfull \hbox (3.444pt too wide) in paragraph at lines 122--122
[]   \OT1/cmtt/m/n/12 -x num    Tells the program to graph the Variance-time pl
ot that estimates[] 
 []


Overfull \hbox (3.444pt too wide) in paragraph at lines 123--123
[]             \OT1/cmtt/m/n/12 the Hurst parameter for a given window number d
esignated by num.[] 
 []


Overfull \hbox (15.794pt too wide) in paragraph at lines 129--129
[]             \OT1/cmtt/m/n/12 estimates the Hurst parameter for a given windo
w number designated[] 
 []


Overfull \hbox (3.444pt too wide) in paragraph at lines 137--137
[]              \OT1/cmtt/m/n/12 ip tcp udp icmp sctp ftp ssh telnet smtp dns d
hcp http pop3 ntp[] 
 []

[68]
Overfull \hbox (9.619pt too wide) in paragraph at lines 151--151
[]   \OT1/cmtt/m/n/12 -j num    Tells the program to use log base num for all t
he calculations of[] 
 []


Overfull \hbox (21.96901pt too wide) in paragraph at lines 152--152
[]             \OT1/cmtt/m/n/12 blocks for the R/S statistic, Variance-time plo
t and Modified Allan[] 
 []


Overfull \hbox (9.619pt too wide) in paragraph at lines 156--156
[]   \OT1/cmtt/m/n/12 -b sec    Tells the program from which second in the time
 data to begin the[] 
 []


Overfull \hbox (21.96901pt too wide) in paragraph at lines 160--160
[]   \OT1/cmtt/m/n/12 -k num    Average Hurst parameter change with which to tr
y to detect attacks.[] 
 []


Overfull \hbox (9.619pt too wide) in paragraph at lines 161--161
[]   \OT1/cmtt/m/n/12 -K num    Standard deviation of Hurst parameter change wi
th which to detect[] 
 []


Overfull \hbox (15.794pt too wide) in paragraph at lines 163--163
[]   \OT1/cmtt/m/n/12 -q num    Average Hurst parameter value with which to try
 to detect attacks.[] 
 []


Overfull \hbox (3.444pt too wide) in paragraph at lines 164--164
[]   \OT1/cmtt/m/n/12 -Q num    Standard deviation of Hurst parameter value wit
h which to detect[] 
 []

[69] [70]

Package hyperref Warning: Token not allowed in a PDF string (PDFDocEncoding):
(hyperref)                removing `math shift' on input line 217.


Package hyperref Warning: Token not allowed in a PDF string (PDFDocEncoding):
(hyperref)                removing `math shift' on input line 217.


("C:\Documents and Settings\Administrator\My Documents\GitHub\pasantia\code/xtd
atacreate.c" [71]
LaTeX Font Info:    Try loading font information for OML+cmr on input line 12.
 ("C:\Program Files\MiKTeX 2.9\tex\latex\base\omlcmr.fd"
File: omlcmr.fd 1999/05/25 v2.5h Standard LaTeX font definitions
)
LaTeX Font Info:    Font shape `OML/cmr/m/n' in size <10> not available
(Font)              Font shape `OML/cmm/m/it' tried instead on input line 12.
LaTeX Font Info:    Try loading font information for OMS+cmr on input line 13.

("C:\Program Files\MiKTeX 2.9\tex\latex\base\omscmr.fd"
File: omscmr.fd 1999/05/25 v2.5h Standard LaTeX font definitions
)
LaTeX Font Info:    Font shape `OMS/cmr/m/n' in size <10> not available
(Font)              Font shape `OMS/cmsy/m/n' tried instead on input line 13.
 [72]))
Package atveryend Info: Empty hook `BeforeClearDocument' on input line 199.
 [73]
Package atveryend Info: Empty hook `AfterLastShipout' on input line 199.

("C:\Documents and Settings\Administrator\My Documents\GitHub\pasantia\thesis.a
ux")
Package atveryend Info: Executing hook `AtVeryEndDocument' on input line 199.
Package atveryend Info: Executing hook `AtEndAfterFileList' on input line 199.
Package rerunfilecheck Info: File `thesis.out' has not changed.
(rerunfilecheck)             Checksum: DAB63A5F031B57554C1430E04CB3C620;8547.


LaTeX Font Warning: Some font shapes were not available, defaults substituted.


LaTeX Warning: There were undefined references.


LaTeX Warning: There were multiply-defined labels.

 ) 
Here is how much of TeX's memory you used:
 15594 strings out of 493921
 225232 string characters out of 3147205
 500927 words of memory out of 3000000
 18177 multiletter control sequences out of 15000+200000
 17053 words of font info for 69 fonts, out of 3000000 for 9000
 841 hyphenation exceptions out of 8191
 46i,15n,78p,1458b,1965s stack positions out of 5000i,500n,10000p,200000b,50000s
<C:/Program Files/MiKTeX 2.9/fonts/type1/public/amsfonts/cm/cmbx10.pfb><C:/Pr
ogram Files/MiKTeX 2.9/fonts/type1/public/amsfonts/cm/cmbx12.pfb><C:/Program Fi
les/MiKTeX 2.9/fonts/type1/public/amsfonts/cm/cmbx8.pfb><C:/Program Files/MiKTe
X 2.9/fonts/type1/public/amsfonts/cm/cmbxti10.pfb><C:/Program Files/MiKTeX 2.9/
fonts/type1/public/amsfonts/cm/cmcsc10.pfb><C:/Program Files/MiKTeX 2.9/fonts/t
ype1/public/amsfonts/cm/cmmi10.pfb><C:/Program Files/MiKTeX 2.9/fonts/type1/pub
lic/amsfonts/cm/cmmi12.pfb><C:/Program Files/MiKTeX 2.9/fonts/type1/public/amsf
onts/cm/cmmi8.pfb><C:/Program Files/MiKTeX 2.9/fonts/type1/public/amsfonts/cm/c
mr10.pfb><C:/Program Files/MiKTeX 2.9/fonts/type1/public/amsfonts/cm/cmr12.pfb>
<C:/Program Files/MiKTeX 2.9/fonts/type1/public/amsfonts/cm/cmr7.pfb><C:/Progra
m Files/MiKTeX 2.9/fonts/type1/public/amsfonts/cm/cmr8.pfb><C:/Program Files/Mi
KTeX 2.9/fonts/type1/public/amsfonts/cm/cmsy10.pfb><C:/Program Files/MiKTeX 2.9
/fonts/type1/public/amsfonts/cm/cmti10.pfb><C:/Program Files/MiKTeX 2.9/fonts/t
ype1/public/amsfonts/cm/cmti12.pfb><C:/Program Files/MiKTeX 2.9/fonts/type1/pub
lic/amsfonts/cm/cmtt12.pfb>
Output written on thesis.pdf (85 pages, 1474860 bytes).
PDF statistics:
 1238 PDF objects out of 1440 (max. 8388607)
 329 named destinations out of 1000 (max. 500000)
 918 words of extra memory for PDF output out of 10000 (max. 10000000)

